Arguments: 
  /usr/local/bin/node /Users/karthik/.yarn/bin/yarn.js add -D near-sdk-as--ignore-scripts

PATH: 
  /Users/karthik/Library/pnpm:/Users/karthik/.yarn/bin:/Users/karthik/.config/yarn/global/node_modules/.bin:/usr/local/opt/tcl-tk/bin:/usr/local/opt/go@1.13/bin:/Users/karthik/projects/nfinx/cmdline-tools/bin:/opt/homebrew/bin:/usr/local/bin:/usr/bin:/bin:/usr/sbin:/sbin:/Users/karthik/projects/apache-maven-3.6.3/bin:/Development/android-sdk/platform-tools:/Development/android-sdk/tools:/Users/karthik/Library/Python/3.9/bin:/Users/karthik/.local/bin:/Library/Frameworks/Python.framework/Versions/3.10/bin:/Users/karthik/Library/Python/3.10/bin:/Users/karthik/Library/Python/3.8/bin:/Users/karthik/Library/Python/3.7/bin

Yarn version: 
  1.22.19

Node version: 
  16.17.0

Platform: 
  darwin arm64

Trace: 
  Error: https://registry.yarnpkg.com/near-sdk-as--ignore-scripts: Not found
      at Request.params.callback [as _callback] (/Users/karthik/.yarn/lib/cli.js:66145:18)
      at Request.self.callback (/Users/karthik/.yarn/lib/cli.js:140890:22)
      at Request.emit (node:events:513:28)
      at Request.<anonymous> (/Users/karthik/.yarn/lib/cli.js:141862:10)
      at Request.emit (node:events:513:28)
      at IncomingMessage.<anonymous> (/Users/karthik/.yarn/lib/cli.js:141784:12)
      at Object.onceWrapper (node:events:627:28)
      at IncomingMessage.emit (node:events:525:35)
      at endReadableNT (node:internal/streams/readable:1358:12)
      at processTicksAndRejections (node:internal/process/task_queues:83:21)

npm manifest: 
  {
    "name": "near-marketplace-contract",
    "version": "1.0.0",
    "main": "index.js",
    "license": "MIT"
  }

yarn manifest: 
  No manifest

Lockfile: 
  No lockfile
